<?xml version="1.0" encoding="UTF-8"?>
<!-- Generated by org.testng.reporters.JUnitReportReporter -->
<testsuite hostname="TYSS-Sunil" failures="0" tests="3" name="com.mastorly.testcase.InstituteSetup" time="63.138" errors="0" timestamp="2023-07-13T18:49:37 IST" skipped="0">
  <testcase classname="com.mastorly.testcase.InstituteSetup" name="TestCase_1" time="52.078"/>
  <testcase classname="com.mastorly.testcase.InstituteSetup" name="TestCase_2" time="6.462"/>
  <testcase classname="com.mastorly.testcase.InstituteSetup" name="TestCase_3" time="4.598"/>
</testsuite> <!-- com.mastorly.testcase.InstituteSetup -->
