<?xml version="1.0" encoding="UTF-8"?>
<!-- Generated by org.testng.reporters.JUnitReportReporter -->
<testsuite hostname="TYSS-Sunil" failures="0" tests="1" name="com.mastorly.testcase.Student" time="16.635" errors="0" timestamp="2023-07-14T18:30:10 IST" skipped="0">
  <testcase classname="com.mastorly.testcase.Student" name="TestCase_4" time="16.635"/>
</testsuite> <!-- com.mastorly.testcase.Student -->
