<?xml version="1.0" encoding="UTF-8"?>
<!-- Generated by org.testng.reporters.JUnitReportReporter -->
<testsuite hostname="TYSS-Sunil" failures="0" tests="1" name="com.mastorly.internal_admin.BaseClass_IA" time="5.569" errors="0" timestamp="2023-07-12T12:40:57 IST" skipped="0">
  <testcase classname="com.mastorly.internal_admin.BaseClass_IA" name="baseTest" time="5.569"/>
</testsuite> <!-- com.mastorly.internal_admin.BaseClass_IA -->
