<?xml version="1.0" encoding="UTF-8"?>
<!-- Generated by org.testng.reporters.JUnitReportReporter -->
<testsuite hostname="TYSS-Sunil" failures="0" tests="1" name="com.bemasterly.testcase.AcademicCycles" time="8.872" errors="0" timestamp="2023-07-14T23:07:29 IST" skipped="0">
  <testcase classname="com.bemasterly.testcase.AcademicCycles" name="TestCase_1" time="8.872"/>
</testsuite> <!-- com.bemasterly.testcase.AcademicCycles -->
