<?xml version="1.0" encoding="UTF-8"?>
<!-- Generated by org.testng.reporters.JUnitReportReporter -->
<testsuite hostname="TYSS-Sunil" failures="0" tests="3" name="com.mastorly.testcase.InstituteSetup" time="73.878" errors="0" timestamp="2023-07-14T10:38:30 IST" skipped="0">
  <testcase classname="com.mastorly.testcase.InstituteSetup" name="TestCase_1" time="53.305"/>
  <testcase classname="com.mastorly.testcase.InstituteSetup" name="TestCase_2" time="6.938"/>
  <testcase classname="com.mastorly.testcase.InstituteSetup" name="TestCase_3" time="13.635"/>
</testsuite> <!-- com.mastorly.testcase.InstituteSetup -->
