<?xml version="1.0" encoding="UTF-8"?>
<!-- Generated by org.testng.reporters.JUnitReportReporter -->
<testsuite hostname="TYSS-Lucifer" failures="0" tests="3" name="com.mastorly.testcase.Student" time="0.000" errors="0" timestamp="2023-07-11T22:20:57 IST" skipped="3">
  <testcase classname="com.mastorly.testcase.Student" name="TestCase_1" time="0.000">
    <skipped/>
  </testcase> <!-- TestCase_1 -->
  <testcase classname="com.mastorly.testcase.Student" name="TestCase_2" time="0.000">
    <skipped/>
  </testcase> <!-- TestCase_2 -->
  <testcase classname="com.mastorly.testcase.Student" name="TestCase_3" time="0.000">
    <skipped/>
  </testcase> <!-- TestCase_3 -->
</testsuite> <!-- com.mastorly.testcase.Student -->
