<?xml version="1.0" encoding="UTF-8"?>
<!-- Generated by org.testng.reporters.JUnitReportReporter -->
<testsuite hostname="TYSS-Sunil" failures="0" tests="3" name="com.mastorly.testcase.InstituteSetup" time="62.448" errors="0" timestamp="2023-07-14T10:00:57 IST" skipped="0">
  <testcase classname="com.mastorly.testcase.InstituteSetup" name="TestCase_1" time="52.163"/>
  <testcase classname="com.mastorly.testcase.InstituteSetup" name="TestCase_2" time="6.564"/>
  <testcase classname="com.mastorly.testcase.InstituteSetup" name="TestCase_3" time="3.721"/>
</testsuite> <!-- com.mastorly.testcase.InstituteSetup -->
