<?xml version="1.0" encoding="UTF-8"?>
<!-- Generated by org.testng.reporters.JUnitReportReporter -->
<testsuite hostname="TYSS-Sunil" failures="0" tests="3" name="com.mastorly.testcase.Student" time="7.851" errors="0" timestamp="2023-07-12T11:53:34 IST" skipped="0">
  <testcase classname="com.mastorly.testcase.Student" name="TestCase_1" time="7.356"/>
  <testcase classname="com.mastorly.testcase.Student" name="TestCase_2" time="0.453"/>
  <testcase classname="com.mastorly.testcase.Student" name="TestCase_3" time="0.042"/>
</testsuite> <!-- com.mastorly.testcase.Student -->
